<?xml version="1.0" encoding="UTF-8"?>
<testsuite name="com.mss.uno.GameTest" tests="5" skipped="0" failures="0" errors="0" timestamp="2021-07-15T17:23:24" hostname="RGCAFS82020.local" time="0.022">
  <properties/>
  <testcase name="whenGameIsInstantiated_deckComposistionIsCorrect()" classname="com.mss.uno.GameTest" time="0.016"/>
  <testcase name="whenGameIsInstantiated_shouldCreateDeckOfCorrectLength()" classname="com.mss.uno.GameTest" time="0.0"/>
  <testcase name="testDealManyPLayers()" classname="com.mss.uno.GameTest" time="0.001"/>
  <testcase name="whenDealCard_shouldDealCardToCurrentPlayer()" classname="com.mss.uno.GameTest" time="0.0"/>
  <testcase name="playCard()" classname="com.mss.uno.GameTest" time="0.001"/>
  <system-out><![CDATA[]]></system-out>
  <system-err><![CDATA[]]></system-err>
</testsuite>
