<?xml version="1.0" encoding="UTF-8"?>
<testsuite name="com.mss.uno.PlayerTest" tests="1" skipped="0" failures="0" errors="0" timestamp="2021-07-13T15:25:13" hostname="RGCAFS82020.local" time="0.017">
  <properties/>
  <testcase name="testAddCard()" classname="com.mss.uno.PlayerTest" time="0.017"/>
  <system-out><![CDATA[]]></system-out>
  <system-err><![CDATA[]]></system-err>
</testsuite>
