<?xml version="1.0" encoding="UTF-8"?>
<testsuite name="com.mss.uno.GameTest" tests="1" skipped="0" failures="0" errors="0" timestamp="2021-07-12T20:43:23" hostname="RGCAFCI82298.local" time="0.013">
  <properties/>
  <testcase name="testDealManyPLayers()" classname="com.mss.uno.GameTest" time="0.013"/>
  <system-out><![CDATA[]]></system-out>
  <system-err><![CDATA[]]></system-err>
</testsuite>
