<?xml version="1.0" encoding="UTF-8"?>
<testsuite name="com.mss.uno.GameTest" tests="1" skipped="0" failures="0" errors="0" timestamp="2021-07-13T21:22:34" hostname="RGCAFS82020.local" time="0.028">
  <properties/>
  <testcase name="testDealCard()" classname="com.mss.uno.GameTest" time="0.028"/>
  <system-out><![CDATA[]]></system-out>
  <system-err><![CDATA[]]></system-err>
</testsuite>
